[0.354s] DEBUG:colcon:Command line arguments: ['/usr/bin/colcon', 'build']
[0.354s] DEBUG:colcon:Parsed command line arguments: Namespace(log_base=None, log_level=None, verb_name='build', build_base='build', install_base='install', merge_install=False, symlink_install=False, test_result_base=None, continue_on_error=False, executor='parallel', parallel_workers=12, event_handlers=None, ignore_user_meta=False, metas=['./colcon.meta'], base_paths=['.'], packages_ignore=None, packages_ignore_regex=None, paths=None, packages_up_to=None, packages_up_to_regex=None, packages_above=None, packages_above_and_dependencies=None, packages_above_depth=None, packages_select_by_dep=None, packages_skip_by_dep=None, packages_skip_up_to=None, packages_select_build_failed=False, packages_skip_build_finished=False, packages_select_test_failures=False, packages_skip_test_passed=False, packages_select=None, packages_skip=None, packages_select_regex=None, packages_skip_regex=None, packages_start=None, packages_end=None, allow_overriding=[], cmake_args=None, cmake_target=None, cmake_target_skip_unavailable=False, cmake_clean_cache=False, cmake_clean_first=False, cmake_force_configure=False, ament_cmake_args=None, catkin_cmake_args=None, catkin_skip_building_tests=False, mixin_files=None, mixin=None, verb_parser=<colcon_mixin.mixin.mixin_argument.MixinArgumentDecorator object at 0x70302b11da20>, verb_extension=<colcon_core.verb.build.BuildVerb object at 0x70302b232140>, main=<bound method BuildVerb.main of <colcon_core.verb.build.BuildVerb object at 0x70302b232140>>, mixin_verb=('build',))
[0.768s] Level 1:colcon.colcon_core.package_discovery:discover_packages(colcon_meta) check parameters
[0.769s] Level 1:colcon.colcon_core.package_discovery:discover_packages(recursive) check parameters
[0.769s] Level 1:colcon.colcon_core.package_discovery:discover_packages(ignore) check parameters
[0.769s] Level 1:colcon.colcon_core.package_discovery:discover_packages(path) check parameters
[0.769s] Level 1:colcon.colcon_core.package_discovery:discover_packages(colcon_meta) discover
[0.769s] Level 1:colcon.colcon_core.package_discovery:discover_packages(recursive) discover
[0.769s] INFO:colcon.colcon_core.package_discovery:Crawling recursively for packages in '/home/rus/Documents/dev_ws/src/BB01'
[0.770s] Level 1:colcon.colcon_core.package_identification:_identify(.) by extensions ['ignore', 'ignore_ament_install']
[0.770s] Level 1:colcon.colcon_core.package_identification:_identify(.) by extension 'ignore'
[0.770s] Level 1:colcon.colcon_core.package_identification:_identify(.) by extension 'ignore_ament_install'
[0.771s] Level 1:colcon.colcon_core.package_identification:_identify(.) by extensions ['colcon_pkg']
[0.771s] Level 1:colcon.colcon_core.package_identification:_identify(.) by extension 'colcon_pkg'
[0.771s] Level 1:colcon.colcon_core.package_identification:_identify(.) by extensions ['colcon_meta']
[0.771s] Level 1:colcon.colcon_core.package_identification:_identify(.) by extension 'colcon_meta'
[0.771s] Level 1:colcon.colcon_core.package_identification:_identify(.) by extensions ['ros']
[0.771s] Level 1:colcon.colcon_core.package_identification:_identify(.) by extension 'ros'
[0.817s] DEBUG:colcon.colcon_core.package_identification:Package '.' with type 'ros.ament_cmake' and name 'BB01'
[0.817s] Level 1:colcon.colcon_core.package_discovery:discover_packages(recursive) using defaults
[0.817s] Level 1:colcon.colcon_core.package_discovery:discover_packages(ignore) discover
[0.817s] Level 1:colcon.colcon_core.package_discovery:discover_packages(ignore) using defaults
[0.817s] Level 1:colcon.colcon_core.package_discovery:discover_packages(path) discover
[0.817s] Level 1:colcon.colcon_core.package_discovery:discover_packages(path) using defaults
[0.858s] Level 1:colcon.colcon_core.package_discovery:discover_packages(prefix_path) check parameters
[0.858s] Level 1:colcon.colcon_core.package_discovery:discover_packages(prefix_path) discover
[0.862s] DEBUG:colcon.colcon_installed_package_information.package_discovery:Found 280 installed packages in /opt/ros/humble
[0.887s] Level 1:colcon.colcon_core.package_discovery:discover_packages(prefix_path) using defaults
[1.046s] Level 5:colcon.colcon_core.verb:set package 'BB01' build argument 'cmake_args' from command line to 'None'
[1.046s] Level 5:colcon.colcon_core.verb:set package 'BB01' build argument 'cmake_target' from command line to 'None'
[1.046s] Level 5:colcon.colcon_core.verb:set package 'BB01' build argument 'cmake_target_skip_unavailable' from command line to 'False'
[1.046s] Level 5:colcon.colcon_core.verb:set package 'BB01' build argument 'cmake_clean_cache' from command line to 'False'
[1.046s] Level 5:colcon.colcon_core.verb:set package 'BB01' build argument 'cmake_clean_first' from command line to 'False'
[1.047s] Level 5:colcon.colcon_core.verb:set package 'BB01' build argument 'cmake_force_configure' from command line to 'False'
[1.047s] Level 5:colcon.colcon_core.verb:set package 'BB01' build argument 'ament_cmake_args' from command line to 'None'
[1.047s] Level 5:colcon.colcon_core.verb:set package 'BB01' build argument 'catkin_cmake_args' from command line to 'None'
[1.047s] Level 5:colcon.colcon_core.verb:set package 'BB01' build argument 'catkin_skip_building_tests' from command line to 'False'
[1.047s] DEBUG:colcon.colcon_core.verb:Building package 'BB01' with the following arguments: {'ament_cmake_args': None, 'build_base': '/home/rus/Documents/dev_ws/src/BB01/build/BB01', 'catkin_cmake_args': None, 'catkin_skip_building_tests': False, 'cmake_args': None, 'cmake_clean_cache': False, 'cmake_clean_first': False, 'cmake_force_configure': False, 'cmake_target': None, 'cmake_target_skip_unavailable': False, 'install_base': '/home/rus/Documents/dev_ws/src/BB01/install/BB01', 'merge_install': False, 'path': '/home/rus/Documents/dev_ws/src/BB01', 'symlink_install': False, 'test_result_base': None}
[1.048s] INFO:colcon.colcon_core.executor:Executing jobs using 'parallel' executor
[1.050s] DEBUG:colcon.colcon_parallel_executor.executor.parallel:run_until_complete
[1.051s] INFO:colcon.colcon_ros.task.ament_cmake.build:Building ROS package in '/home/rus/Documents/dev_ws/src/BB01' with build type 'ament_cmake'
[1.051s] INFO:colcon.colcon_cmake.task.cmake.build:Building CMake package in '/home/rus/Documents/dev_ws/src/BB01'
[1.054s] INFO:colcon.colcon_core.plugin_system:Skipping extension 'colcon_core.shell.bat': Not used on non-Windows systems
[1.054s] INFO:colcon.colcon_core.shell:Skip shell extension 'powershell' for command environment: Not usable outside of PowerShell
[1.054s] DEBUG:colcon.colcon_core.shell:Skip shell extension 'dsv' for command environment
[1.068s] DEBUG:colcon.colcon_core.event_handler.log_command:Invoking command in '/home/rus/Documents/dev_ws/src/BB01/build/BB01': CMAKE_PREFIX_PATH=/opt/ros/humble /usr/bin/cmake /home/rus/Documents/dev_ws/src/BB01 -DCMAKE_INSTALL_PREFIX=/home/rus/Documents/dev_ws/src/BB01/install/BB01
[2.266s] DEBUG:colcon.colcon_core.event_handler.log_command:Invoked command in '/home/rus/Documents/dev_ws/src/BB01/build/BB01' returned '0': CMAKE_PREFIX_PATH=/opt/ros/humble /usr/bin/cmake /home/rus/Documents/dev_ws/src/BB01 -DCMAKE_INSTALL_PREFIX=/home/rus/Documents/dev_ws/src/BB01/install/BB01
[2.271s] DEBUG:colcon.colcon_core.event_handler.log_command:Invoking command in '/home/rus/Documents/dev_ws/src/BB01/build/BB01': CMAKE_PREFIX_PATH=/opt/ros/humble /usr/bin/cmake --build /home/rus/Documents/dev_ws/src/BB01/build/BB01 -- -j12 -l12
[2.321s] DEBUG:colcon.colcon_core.event_handler.log_command:Invoked command in '/home/rus/Documents/dev_ws/src/BB01/build/BB01' returned '0': CMAKE_PREFIX_PATH=/opt/ros/humble /usr/bin/cmake --build /home/rus/Documents/dev_ws/src/BB01/build/BB01 -- -j12 -l12
[2.367s] DEBUG:colcon.colcon_core.event_handler.log_command:Invoking command in '/home/rus/Documents/dev_ws/src/BB01/build/BB01': CMAKE_PREFIX_PATH=/opt/ros/humble /usr/bin/cmake --install /home/rus/Documents/dev_ws/src/BB01/build/BB01
[2.385s] Level 1:colcon.colcon_core.environment:create_environment_scripts_only(BB01)
[2.386s] DEBUG:colcon.colcon_core.event_handler.log_command:Invoked command in '/home/rus/Documents/dev_ws/src/BB01/build/BB01' returned '0': CMAKE_PREFIX_PATH=/opt/ros/humble /usr/bin/cmake --install /home/rus/Documents/dev_ws/src/BB01/build/BB01
[2.389s] Level 1:colcon.colcon_core.environment:checking '/home/rus/Documents/dev_ws/src/BB01/install/BB01' for CMake module files
[2.390s] Level 1:colcon.colcon_core.environment:checking '/home/rus/Documents/dev_ws/src/BB01/install/BB01' for CMake config files
[2.390s] Level 1:colcon.colcon_core.shell:create_environment_hook('BB01', 'cmake_prefix_path')
[2.390s] INFO:colcon.colcon_core.shell:Creating environment hook '/home/rus/Documents/dev_ws/src/BB01/install/BB01/share/BB01/hook/cmake_prefix_path.ps1'
[2.391s] INFO:colcon.colcon_core.shell:Creating environment descriptor '/home/rus/Documents/dev_ws/src/BB01/install/BB01/share/BB01/hook/cmake_prefix_path.dsv'
[2.392s] INFO:colcon.colcon_core.shell:Creating environment hook '/home/rus/Documents/dev_ws/src/BB01/install/BB01/share/BB01/hook/cmake_prefix_path.sh'
[2.393s] Level 1:colcon.colcon_core.environment:checking '/home/rus/Documents/dev_ws/src/BB01/install/BB01/bin'
[2.393s] Level 1:colcon.colcon_core.environment:checking '/home/rus/Documents/dev_ws/src/BB01/install/BB01/lib/pkgconfig/BB01.pc'
[2.394s] Level 1:colcon.colcon_core.environment:checking '/home/rus/Documents/dev_ws/src/BB01/install/BB01/lib/python3.10/site-packages'
[2.394s] Level 1:colcon.colcon_core.environment:checking '/home/rus/Documents/dev_ws/src/BB01/install/BB01/bin'
[2.395s] INFO:colcon.colcon_core.shell:Creating package script '/home/rus/Documents/dev_ws/src/BB01/install/BB01/share/BB01/package.ps1'
[2.397s] INFO:colcon.colcon_core.shell:Creating package descriptor '/home/rus/Documents/dev_ws/src/BB01/install/BB01/share/BB01/package.dsv'
[2.398s] INFO:colcon.colcon_core.shell:Creating package script '/home/rus/Documents/dev_ws/src/BB01/install/BB01/share/BB01/package.sh'
[2.399s] INFO:colcon.colcon_core.shell:Creating package script '/home/rus/Documents/dev_ws/src/BB01/install/BB01/share/BB01/package.bash'
[2.400s] INFO:colcon.colcon_core.shell:Creating package script '/home/rus/Documents/dev_ws/src/BB01/install/BB01/share/BB01/package.zsh'
[2.401s] Level 1:colcon.colcon_core.environment:create_file_with_runtime_dependencies(/home/rus/Documents/dev_ws/src/BB01/install/BB01/share/colcon-core/packages/BB01)
[2.428s] Level 1:colcon.colcon_core.environment:create_environment_scripts_only(BB01)
[2.428s] Level 1:colcon.colcon_core.environment:checking '/home/rus/Documents/dev_ws/src/BB01/install/BB01' for CMake module files
[2.429s] Level 1:colcon.colcon_core.environment:checking '/home/rus/Documents/dev_ws/src/BB01/install/BB01' for CMake config files
[2.429s] Level 1:colcon.colcon_core.shell:create_environment_hook('BB01', 'cmake_prefix_path')
[2.430s] INFO:colcon.colcon_core.shell:Creating environment hook '/home/rus/Documents/dev_ws/src/BB01/install/BB01/share/BB01/hook/cmake_prefix_path.ps1'
[2.430s] INFO:colcon.colcon_core.shell:Creating environment descriptor '/home/rus/Documents/dev_ws/src/BB01/install/BB01/share/BB01/hook/cmake_prefix_path.dsv'
[2.431s] INFO:colcon.colcon_core.shell:Creating environment hook '/home/rus/Documents/dev_ws/src/BB01/install/BB01/share/BB01/hook/cmake_prefix_path.sh'
[2.431s] Level 1:colcon.colcon_core.environment:checking '/home/rus/Documents/dev_ws/src/BB01/install/BB01/bin'
[2.431s] Level 1:colcon.colcon_core.environment:checking '/home/rus/Documents/dev_ws/src/BB01/install/BB01/lib/pkgconfig/BB01.pc'
[2.432s] Level 1:colcon.colcon_core.environment:checking '/home/rus/Documents/dev_ws/src/BB01/install/BB01/lib/python3.10/site-packages'
[2.432s] Level 1:colcon.colcon_core.environment:checking '/home/rus/Documents/dev_ws/src/BB01/install/BB01/bin'
[2.433s] INFO:colcon.colcon_core.shell:Creating package script '/home/rus/Documents/dev_ws/src/BB01/install/BB01/share/BB01/package.ps1'
[2.435s] INFO:colcon.colcon_core.shell:Creating package descriptor '/home/rus/Documents/dev_ws/src/BB01/install/BB01/share/BB01/package.dsv'
[2.437s] INFO:colcon.colcon_core.shell:Creating package script '/home/rus/Documents/dev_ws/src/BB01/install/BB01/share/BB01/package.sh'
[2.438s] INFO:colcon.colcon_core.shell:Creating package script '/home/rus/Documents/dev_ws/src/BB01/install/BB01/share/BB01/package.bash'
[2.440s] INFO:colcon.colcon_core.shell:Creating package script '/home/rus/Documents/dev_ws/src/BB01/install/BB01/share/BB01/package.zsh'
[2.441s] Level 1:colcon.colcon_core.environment:create_file_with_runtime_dependencies(/home/rus/Documents/dev_ws/src/BB01/install/BB01/share/colcon-core/packages/BB01)
[2.442s] DEBUG:colcon.colcon_parallel_executor.executor.parallel:closing loop
[2.442s] DEBUG:colcon.colcon_parallel_executor.executor.parallel:loop closed
[2.443s] DEBUG:colcon.colcon_parallel_executor.executor.parallel:run_until_complete finished with '0'
[2.443s] DEBUG:colcon.colcon_core.event_reactor:joining thread
[2.459s] INFO:colcon.colcon_core.plugin_system:Skipping extension 'colcon_notification.desktop_notification.terminal_notifier': Not used on non-Darwin systems
[2.460s] INFO:colcon.colcon_core.plugin_system:Skipping extension 'colcon_notification.desktop_notification.win32': Not used on non-Windows systems
[2.460s] INFO:colcon.colcon_notification.desktop_notification:Sending desktop notification using 'notify2'
[2.475s] DEBUG:colcon.colcon_core.event_reactor:joined thread
[2.476s] INFO:colcon.colcon_core.shell:Creating prefix script '/home/rus/Documents/dev_ws/src/BB01/install/local_setup.ps1'
[2.477s] INFO:colcon.colcon_core.shell:Creating prefix util module '/home/rus/Documents/dev_ws/src/BB01/install/_local_setup_util_ps1.py'
[2.478s] INFO:colcon.colcon_core.shell:Creating prefix chain script '/home/rus/Documents/dev_ws/src/BB01/install/setup.ps1'
[2.479s] INFO:colcon.colcon_core.shell:Creating prefix script '/home/rus/Documents/dev_ws/src/BB01/install/local_setup.sh'
[2.480s] INFO:colcon.colcon_core.shell:Creating prefix util module '/home/rus/Documents/dev_ws/src/BB01/install/_local_setup_util_sh.py'
[2.480s] INFO:colcon.colcon_core.shell:Creating prefix chain script '/home/rus/Documents/dev_ws/src/BB01/install/setup.sh'
[2.481s] INFO:colcon.colcon_core.shell:Creating prefix script '/home/rus/Documents/dev_ws/src/BB01/install/local_setup.bash'
[2.482s] INFO:colcon.colcon_core.shell:Creating prefix chain script '/home/rus/Documents/dev_ws/src/BB01/install/setup.bash'
[2.483s] INFO:colcon.colcon_core.shell:Creating prefix script '/home/rus/Documents/dev_ws/src/BB01/install/local_setup.zsh'
[2.483s] INFO:colcon.colcon_core.shell:Creating prefix chain script '/home/rus/Documents/dev_ws/src/BB01/install/setup.zsh'
