[0.017s] Invoking command in '/home/rus/Documents/dev_ws/src/BB01/build/BB01': CMAKE_PREFIX_PATH=/opt/ros/humble /usr/bin/cmake /home/rus/Documents/dev_ws/src/BB01 -DCMAKE_INSTALL_PREFIX=/home/rus/Documents/dev_ws/src/BB01/install/BB01
[0.164s] -- The C compiler identification is GNU 11.4.0
[0.335s] -- The CXX compiler identification is GNU 11.4.0
[0.349s] -- Detecting C compiler ABI info
[0.449s] -- Detecting C compiler ABI info - done
[0.463s] -- Check for working C compiler: /usr/bin/cc - skipped
[0.464s] -- Detecting C compile features
[0.466s] -- Detecting C compile features - done
[0.477s] -- Detecting CXX compiler ABI info
[0.599s] -- Detecting CXX compiler ABI info - done
[0.629s] -- Check for working CXX compiler: /usr/bin/c++ - skipped
[0.630s] -- Detecting CXX compile features
[0.631s] -- Detecting CXX compile features - done
[0.635s] -- Found ament_cmake: 1.3.8 (/opt/ros/humble/share/ament_cmake/cmake)
[0.879s] -- Found Python3: /usr/bin/python3 (found version "3.10.12") found components: Interpreter 
[1.010s] -- Found ament_lint_auto: 0.12.10 (/opt/ros/humble/share/ament_lint_auto/cmake)
[1.080s] WARNING: Package name "BB01" does not follow the naming conventions. It should start with a lower case letter and only contain lower case letters, digits, underscores, and dashes.
[1.141s] -- Added test 'copyright' to check source files copyright and LICENSE
[1.161s] -- Added test 'cppcheck' to perform static code analysis on C / C++ code
[1.161s] -- Configured cppcheck include dirs: 
[1.162s] -- Configured cppcheck exclude dirs and/or files: 
[1.177s] -- Added test 'cpplint' to check C / C++ code against the Google style
[1.177s] -- Configured cpplint exclude dirs and/or files: 
[1.179s] -- Added test 'flake8' to check Python code syntax and style conventions
[1.184s] -- Added test 'lint_cmake' to check CMake code style
[1.185s] -- Added test 'pep257' to check Python code against some of the docstring style conventions in PEP 257
[1.197s] -- Added test 'uncrustify' to check C / C++ code style
[1.197s] -- Configured uncrustify additional arguments: 
[1.199s] -- Added test 'xmllint' to check XML markup files
[1.200s] -- Configuring done
[1.204s] -- Generating done
[1.205s] -- Build files have been written to: /home/rus/Documents/dev_ws/src/BB01/build/BB01
[1.214s] Invoked command in '/home/rus/Documents/dev_ws/src/BB01/build/BB01' returned '0': CMAKE_PREFIX_PATH=/opt/ros/humble /usr/bin/cmake /home/rus/Documents/dev_ws/src/BB01 -DCMAKE_INSTALL_PREFIX=/home/rus/Documents/dev_ws/src/BB01/install/BB01
[1.219s] Invoking command in '/home/rus/Documents/dev_ws/src/BB01/build/BB01': CMAKE_PREFIX_PATH=/opt/ros/humble /usr/bin/cmake --build /home/rus/Documents/dev_ws/src/BB01/build/BB01 -- -j12 -l12
[1.269s] Invoked command in '/home/rus/Documents/dev_ws/src/BB01/build/BB01' returned '0': CMAKE_PREFIX_PATH=/opt/ros/humble /usr/bin/cmake --build /home/rus/Documents/dev_ws/src/BB01/build/BB01 -- -j12 -l12
[1.315s] Invoking command in '/home/rus/Documents/dev_ws/src/BB01/build/BB01': CMAKE_PREFIX_PATH=/opt/ros/humble /usr/bin/cmake --install /home/rus/Documents/dev_ws/src/BB01/build/BB01
[1.325s] -- Install configuration: ""
[1.326s] -- Installing: /home/rus/Documents/dev_ws/src/BB01/install/BB01/share/BB01/config
[1.326s] -- Installing: /home/rus/Documents/dev_ws/src/BB01/install/BB01/share/BB01/config/view_bot.rviz
[1.326s] -- Installing: /home/rus/Documents/dev_ws/src/BB01/install/BB01/share/BB01/config/empty.yaml
[1.327s] -- Installing: /home/rus/Documents/dev_ws/src/BB01/install/BB01/share/BB01/description
[1.327s] -- Installing: /home/rus/Documents/dev_ws/src/BB01/install/BB01/share/BB01/description/gazebo_control.xacro
[1.327s] -- Installing: /home/rus/Documents/dev_ws/src/BB01/install/BB01/share/BB01/description/robot.urdf.xacro
[1.327s] -- Installing: /home/rus/Documents/dev_ws/src/BB01/install/BB01/share/BB01/description/inertial_macros.xacro
[1.328s] -- Installing: /home/rus/Documents/dev_ws/src/BB01/install/BB01/share/BB01/description/robot_core.xacro
[1.328s] -- Installing: /home/rus/Documents/dev_ws/src/BB01/install/BB01/share/BB01/description/lidar.xacro
[1.328s] -- Installing: /home/rus/Documents/dev_ws/src/BB01/install/BB01/share/BB01/launch
[1.328s] -- Installing: /home/rus/Documents/dev_ws/src/BB01/install/BB01/share/BB01/launch/rsp.launch.py
[1.328s] -- Installing: /home/rus/Documents/dev_ws/src/BB01/install/BB01/share/BB01/launch/launch_sim.launch.py
[1.328s] -- Installing: /home/rus/Documents/dev_ws/src/BB01/install/BB01/share/BB01/worlds
[1.329s] -- Installing: /home/rus/Documents/dev_ws/src/BB01/install/BB01/share/BB01/worlds/empty.world
[1.329s] -- Installing: /home/rus/Documents/dev_ws/src/BB01/install/BB01/share/BB01/worlds/obstacles.world
[1.329s] -- Installing: /home/rus/Documents/dev_ws/src/BB01/install/BB01/share/ament_index/resource_index/package_run_dependencies/BB01
[1.329s] -- Installing: /home/rus/Documents/dev_ws/src/BB01/install/BB01/share/ament_index/resource_index/parent_prefix_path/BB01
[1.329s] -- Installing: /home/rus/Documents/dev_ws/src/BB01/install/BB01/share/BB01/environment/ament_prefix_path.sh
[1.330s] -- Installing: /home/rus/Documents/dev_ws/src/BB01/install/BB01/share/BB01/environment/ament_prefix_path.dsv
[1.330s] -- Installing: /home/rus/Documents/dev_ws/src/BB01/install/BB01/share/BB01/environment/path.sh
[1.330s] -- Installing: /home/rus/Documents/dev_ws/src/BB01/install/BB01/share/BB01/environment/path.dsv
[1.330s] -- Installing: /home/rus/Documents/dev_ws/src/BB01/install/BB01/share/BB01/local_setup.bash
[1.331s] -- Installing: /home/rus/Documents/dev_ws/src/BB01/install/BB01/share/BB01/local_setup.sh
[1.331s] -- Installing: /home/rus/Documents/dev_ws/src/BB01/install/BB01/share/BB01/local_setup.zsh
[1.331s] -- Installing: /home/rus/Documents/dev_ws/src/BB01/install/BB01/share/BB01/local_setup.dsv
[1.331s] -- Installing: /home/rus/Documents/dev_ws/src/BB01/install/BB01/share/BB01/package.dsv
[1.331s] -- Installing: /home/rus/Documents/dev_ws/src/BB01/install/BB01/share/ament_index/resource_index/packages/BB01
[1.332s] -- Installing: /home/rus/Documents/dev_ws/src/BB01/install/BB01/share/BB01/cmake/BB01Config.cmake
[1.332s] -- Installing: /home/rus/Documents/dev_ws/src/BB01/install/BB01/share/BB01/cmake/BB01Config-version.cmake
[1.332s] -- Installing: /home/rus/Documents/dev_ws/src/BB01/install/BB01/share/BB01/package.xml
[1.334s] Invoked command in '/home/rus/Documents/dev_ws/src/BB01/build/BB01' returned '0': CMAKE_PREFIX_PATH=/opt/ros/humble /usr/bin/cmake --install /home/rus/Documents/dev_ws/src/BB01/build/BB01
